# JRE version: OpenJDK Runtime Environment (17.0.11) (build 17.0.11+0--11852314)
# Java VM: OpenJDK 64-Bit Server VM (17.0.11+0--11852314, mixed mode, tiered, compressed oops, compressed class ptrs, g1 gc, windows-amd64)
GC Precious Log:
 CPUs: 12 total, 12 available
 Memory: 3484M
 Large Page Support: Disabled
 NUMA Support: Disabled
 Compressed Oops: Enabled (32-bit)
 Heap Region Size: 1M
 Heap Min Capacity: 8M
 Heap Initial Capacity: 56M
 Heap Max Capacity: 2G
 Pre-touch: Disabled
 Parallel Workers: 10
 Concurrent Workers: 3
 Concurrent Refinement Workers: 10
 Periodic GC: Disabled
Heap:
 garbage-first heap   total 261120K, used 180756K [0x0000000080000000, 0x0000000100000000)
  region size 1024K, 33 young (33792K), 3 survivors (3072K)
 Metaspace       used 135043K, committed 136000K, reserved 1179648K
  class space    used 19078K, committed 19520K, reserved 1048576K
GC Heap History (20 events):
Event: 63.472 GC heap before
{Heap before GC invocations=49 (full 0):
 garbage-first heap   total 217088K, used 153592K [0x0000000080000000, 0x0000000100000000)
  region size 1024K, 44 young (45056K), 1 survivors (1024K)
 Metaspace       used 100332K, committed 101120K, reserved 1179648K
  class space    used 13820K, committed 14208K, reserved 1048576K
}
Event: 63.485 GC heap after
{Heap after GC invocations=50 (full 0):
 garbage-first heap   total 217088K, used 114171K [0x0000000080000000, 0x0000000100000000)
  region size 1024K, 5 young (5120K), 5 survivors (5120K)
 Metaspace       used 100332K, committed 101120K, reserved 1179648K
  class space    used 13820K, committed 14208K, reserved 1048576K
}
Event: 64.015 GC heap before
{Heap before GC invocations=50 (full 0):
 garbage-first heap   total 217088K, used 158203K [0x0000000080000000, 0x0000000100000000)
  region size 1024K, 49 young (50176K), 5 survivors (5120K)
 Metaspace       used 100883K, committed 101696K, reserved 1179648K
  class space    used 13871K, committed 14272K, reserved 1048576K
}
Event: 64.038 GC heap after
{Heap after GC invocations=51 (full 0):
 garbage-first heap   total 261120K, used 116689K [0x0000000080000000, 0x0000000100000000)
  region size 1024K, 5 young (5120K), 5 survivors (5120K)
 Metaspace       used 100883K, committed 101696K, reserved 1179648K
  class space    used 13871K, committed 14272K, reserved 1048576K
}
Event: 72.313 GC heap before
{Heap before GC invocations=51 (full 0):
 garbage-first heap   total 261120K, used 189393K [0x0000000080000000, 0x0000000100000000)
  region size 1024K, 77 young (78848K), 5 survivors (5120K)
 Metaspace       used 101748K, committed 102464K, reserved 1179648K
  class space    used 13979K, committed 14336K, reserved 1048576K
}
Event: 72.371 GC heap after
{Heap after GC invocations=52 (full 0):
 garbage-first heap   total 261120K, used 121376K [0x0000000080000000, 0x0000000100000000)
  region size 1024K, 10 young (10240K), 10 survivors (10240K)
 Metaspace       used 101748K, committed 102464K, reserved 1179648K
  class space    used 13979K, committed 14336K, reserved 1048576K
}
Event: 75.225 GC heap before
{Heap before GC invocations=52 (full 0):
 garbage-first heap   total 261120K, used 195104K [0x0000000080000000, 0x0000000100000000)
  region size 1024K, 83 young (84992K), 10 survivors (10240K)
 Metaspace       used 102959K, committed 103744K, reserved 1179648K
  class space    used 14123K, committed 14528K, reserved 1048576K
}
Event: 75.258 GC heap after
{Heap after GC invocations=53 (full 0):
 garbage-first heap   total 261120K, used 125330K [0x0000000080000000, 0x0000000100000000)
  region size 1024K, 7 young (7168K), 7 survivors (7168K)
 Metaspace       used 102959K, committed 103744K, reserved 1179648K
  class space    used 14123K, committed 14528K, reserved 1048576K
}
Event: 77.194 GC heap before
{Heap before GC invocations=53 (full 0):
 garbage-first heap   total 261120K, used 202130K [0x0000000080000000, 0x0000000100000000)
  region size 1024K, 81 young (82944K), 7 survivors (7168K)
 Metaspace       used 110682K, committed 111488K, reserved 1179648K
  class space    used 15101K, committed 15488K, reserved 1048576K
}
Event: 77.221 GC heap after
{Heap after GC invocations=54 (full 0):
 garbage-first heap   total 261120K, used 138914K [0x0000000080000000, 0x0000000100000000)
  region size 1024K, 11 young (11264K), 11 survivors (11264K)
 Metaspace       used 110682K, committed 111488K, reserved 1179648K
  class space    used 15101K, committed 15488K, reserved 1048576K
}
Event: 78.848 GC heap before
{Heap before GC invocations=54 (full 0):
 garbage-first heap   total 261120K, used 204450K [0x0000000080000000, 0x0000000100000000)
  region size 1024K, 74 young (75776K), 11 survivors (11264K)
 Metaspace       used 116159K, committed 116992K, reserved 1179648K
  class space    used 15936K, committed 16320K, reserved 1048576K
}
Event: 78.875 GC heap after
{Heap after GC invocations=55 (full 0):
 garbage-first heap   total 261120K, used 139800K [0x0000000080000000, 0x0000000100000000)
  region size 1024K, 6 young (6144K), 6 survivors (6144K)
 Metaspace       used 116159K, committed 116992K, reserved 1179648K
  class space    used 15936K, committed 16320K, reserved 1048576K
}
Event: 79.761 GC heap before
{Heap before GC invocations=55 (full 0):
 garbage-first heap   total 261120K, used 204312K [0x0000000080000000, 0x0000000100000000)
  region size 1024K, 70 young (71680K), 6 survivors (6144K)
 Metaspace       used 122324K, committed 123072K, reserved 1179648K
  class space    used 16998K, committed 17344K, reserved 1048576K
}
Event: 79.783 GC heap after
{Heap after GC invocations=56 (full 0):
 garbage-first heap   total 261120K, used 148004K [0x0000000080000000, 0x0000000100000000)
  region size 1024K, 9 young (9216K), 9 survivors (9216K)
 Metaspace       used 122324K, committed 123072K, reserved 1179648K
  class space    used 16998K, committed 17344K, reserved 1048576K
}
Event: 80.527 GC heap before
{Heap before GC invocations=56 (full 0):
 garbage-first heap   total 261120K, used 207396K [0x0000000080000000, 0x0000000100000000)
  region size 1024K, 68 young (69632K), 9 survivors (9216K)
 Metaspace       used 127391K, committed 128256K, reserved 1179648K
  class space    used 17820K, committed 18240K, reserved 1048576K
}
Event: 80.553 GC heap after
{Heap after GC invocations=57 (full 0):
 garbage-first heap   total 261120K, used 151789K [0x0000000080000000, 0x0000000100000000)
  region size 1024K, 4 young (4096K), 4 survivors (4096K)
 Metaspace       used 127391K, committed 128256K, reserved 1179648K
  class space    used 17820K, committed 18240K, reserved 1048576K
}
Event: 81.389 GC heap before
{Heap before GC invocations=57 (full 0):
 garbage-first heap   total 261120K, used 211181K [0x0000000080000000, 0x0000000100000000)
  region size 1024K, 62 young (63488K), 4 survivors (4096K)
 Metaspace       used 129856K, committed 130752K, reserved 1179648K
  class space    used 18209K, committed 18624K, reserved 1048576K
}
Event: 81.397 GC heap after
{Heap after GC invocations=58 (full 0):
 garbage-first heap   total 261120K, used 151504K [0x0000000080000000, 0x0000000100000000)
  region size 1024K, 4 young (4096K), 4 survivors (4096K)
 Metaspace       used 129856K, committed 130752K, reserved 1179648K
  class space    used 18209K, committed 18624K, reserved 1048576K
}
Event: 82.756 GC heap before
{Heap before GC invocations=58 (full 0):
 garbage-first heap   total 261120K, used 231376K [0x0000000080000000, 0x0000000100000000)
  region size 1024K, 65 young (66560K), 4 survivors (4096K)
 Metaspace       used 133734K, committed 134656K, reserved 1179648K
  class space    used 18899K, committed 19328K, reserved 1048576K
}
Event: 82.764 GC heap after
{Heap after GC invocations=59 (full 0):
 garbage-first heap   total 261120K, used 151060K [0x0000000080000000, 0x0000000100000000)
  region size 1024K, 3 young (3072K), 3 survivors (3072K)
 Metaspace       used 133734K, committed 134656K, reserved 1179648K
  class space    used 18899K, committed 19328K, reserved 1048576K
}

